<?xml version="1.0" encoding="UTF-8"?>
<!-- Generated by org.testng.reporters.JUnitReportReporter -->
<testsuite hostname="Lakhan" failures="0" tests="4" name="guruLoginTest.MngLoginTest" time="41.099" errors="0" timestamp="2022-12-20T20:12:59 IST" skipped="0">
  <testcase classname="guruLoginTest.MngLoginTest" name="login" time="10.275"/>
  <system-out/>
  <testcase classname="guruLoginTest.MngLoginTest" name="login" time="8.685"/>
  <system-out/>
  <testcase classname="guruLoginTest.MngLoginTest" name="login" time="11.512"/>
  <system-out/>
  <testcase classname="guruLoginTest.MngLoginTest" name="login" time="10.627"/>
  <system-out/>
</testsuite> <!-- guruLoginTest.MngLoginTest -->
